{
  "stats": {
    "suites": 1,
    "tests": 1,
    "passes": 0,
    "pending": 0,
    "failures": 1,
    "start": "2021-09-29T19:41:10.630Z",
    "end": "2021-09-29T19:46:17.052Z",
    "duration": 72064,
    "testsRegistered": 1,
    "passPercent": 0,
    "pendingPercent": 0,
    "other": 0,
    "hasOther": false,
    "skipped": 0,
    "hasSkipped": false
  },
  "results": [
    {
      "uuid": "79fee314-9a79-47da-8048-16fb61d4d291",
      "title": "",
      "fullFile": "cypress/integration/WebInterface/ExampleSimpleTest.spec.ts",
      "file": "cypress/integration/WebInterface/ExampleSimpleTest.spec.ts",
      "beforeHooks": [],
      "afterHooks": [],
      "tests": [],
      "suites": [
        {
          "uuid": "d25eb284-cd30-458f-9762-7173e48baa59",
          "title": "Example Login to MAT",
          "fullFile": "",
          "file": "",
          "beforeHooks": [],
          "afterHooks": [],
          "tests": [
            {
              "title": "example TEST",
              "fullTitle": "Example Login to MAT example TEST",
              "timedOut": null,
              "duration": 72064,
              "state": "failed",
              "speed": null,
              "pass": false,
              "fail": true,
              "pending": false,
              "context": "{\n  \"title\": \"Screenshot\",\n  \"value\": \"assets/WebInterface/ExampleSimpleTest.spec.ts/Example Login to MAT -- example TEST (failed).png\"\n}",
              "code": "//verifying New Measure button is visible and active\ncy.get(MATMeasureLibraryExample_1.MATMeasureLibraryExample.newMeasureButton).should('not.be.visible');\n//cy.get(MATMeasureLibraryExample.newMeasureButton).should('be.enabled')",
              "err": {
                "message": "AssertionError: Timed out retrying after 50000ms: expected '<button#newMeasure_button.createNewButton>' not to be 'visible'",
                "estack": "AssertionError: Timed out retrying after 50000ms: expected '<button#newMeasure_button.createNewButton>' not to be 'visible'\n    at Context.eval (https://dev-emeasuretool.hcqis.org/__cypress/tests?p=cypress/integration/WebInterface/ExampleSimpleTest.spec.ts:57:86)",
                "diff": null
              },
              "uuid": "9aaf3840-8179-4c34-b864-6078f828556f",
              "parentUUID": "d25eb284-cd30-458f-9762-7173e48baa59",
              "isHook": false,
              "skipped": false
            }
          ],
          "suites": [],
          "passes": [],
          "failures": [
            "9aaf3840-8179-4c34-b864-6078f828556f"
          ],
          "pending": [],
          "skipped": [],
          "duration": 72064,
          "root": false,
          "rootEmpty": false,
          "_timeout": 2000
        }
      ],
      "passes": [],
      "failures": [],
      "pending": [],
      "skipped": [],
      "duration": 0,
      "root": true,
      "rootEmpty": true,
      "_timeout": 2000
    }
  ],
  "meta": {
    "mocha": {
      "version": "7.0.1"
    },
    "mochawesome": {
      "options": {
        "quiet": false,
        "reportFilename": "mochawesome",
        "saveHtml": false,
        "saveJson": true,
        "consoleReporter": "spec",
        "useInlineDiffs": false
      },
      "version": "4.1.0"
    },
    "marge": {
      "options": {
        "reportDir": "cypress/results",
        "overwrite": false,
        "html": false,
        "timestamp": "mmddyyyy_HHMMss",
        "json": true,
        "inline": true
      },
      "version": "4.1.0"
    }
  }
}